<?xml version="1.0" encoding="UTF-8"?>
<testng-results skipped="0" failed="0" ignored="0" total="1" passed="1">
  <reporter-output>
  </reporter-output>
  <suite name="Default suite" duration-ms="222" started-at="2020-06-30T09:16:25Z" finished-at="2020-06-30T09:16:26Z">
    <groups>
    </groups>
    <test name="Default test" duration-ms="222" started-at="2020-06-30T09:16:25Z" finished-at="2020-06-30T09:16:26Z">
      <class name="ProgramsPractice.letterSwap">
        <test-method status="PASS" signature="testmethod()[pri:0, instance:ProgramsPractice.letterSwap@51efea79]" name="testmethod" duration-ms="45" started-at="2020-06-30T09:16:26Z" finished-at="2020-06-30T09:16:26Z">
          <reporter-output>
          </reporter-output>
        </test-method> <!-- testmethod -->
      </class> <!-- ProgramsPractice.letterSwap -->
    </test> <!-- Default test -->
  </suite> <!-- Default suite -->
</testng-results>
